  [1m[35m (0.1ms)[0m  [1m[34mSELECT sqlite_version(*)[0m
  [1m[35m (3.2ms)[0m  [1m[35mCREATE TABLE "schema_migrations" ("version" varchar NOT NULL PRIMARY KEY)[0m
  [1m[35m (1.0ms)[0m  [1m[35mCREATE TABLE "ar_internal_metadata" ("key" varchar NOT NULL PRIMARY KEY, "value" varchar, "created_at" datetime NOT NULL, "updated_at" datetime NOT NULL)[0m
  [1m[35m (0.1ms)[0m  [1m[34mSELECT "schema_migrations"."version" FROM "schema_migrations" ORDER BY "schema_migrations"."version" ASC[0m
Migrating to CreateIdeas (20180111114516)
  [1m[35m (0.0ms)[0m  [1m[36mbegin transaction[0m
  [1m[35m (0.3ms)[0m  [1m[35mCREATE TABLE "ideas" ("id" INTEGER PRIMARY KEY AUTOINCREMENT NOT NULL, "name" varchar, "description" text, "picture" varchar, "created_at" datetime NOT NULL, "updated_at" datetime NOT NULL)[0m
  [1m[35mSQL (0.2ms)[0m  [1m[32mINSERT INTO "schema_migrations" ("version") VALUES (?)[0m  [["version", "20180111114516"]]
  [1m[35m (0.7ms)[0m  [1m[36mcommit transaction[0m
  [1m[36mActiveRecord::InternalMetadata Load (0.1ms)[0m  [1m[34mSELECT  "ar_internal_metadata".* FROM "ar_internal_metadata" WHERE "ar_internal_metadata"."key" = ? LIMIT ?[0m  [["key", "environment"], ["LIMIT", 1]]
  [1m[35m (0.1ms)[0m  [1m[36mbegin transaction[0m
  [1m[35mSQL (0.3ms)[0m  [1m[32mINSERT INTO "ar_internal_metadata" ("key", "value", "created_at", "updated_at") VALUES (?, ?, ?, ?)[0m  [["key", "environment"], ["value", "development"], ["created_at", "2018-01-11 11:46:21.427767"], ["updated_at", "2018-01-11 11:46:21.427767"]]
  [1m[35m (0.7ms)[0m  [1m[36mcommit transaction[0m
  [1m[35m (0.1ms)[0m  [1m[34mSELECT "schema_migrations"."version" FROM "schema_migrations" ORDER BY "schema_migrations"."version" ASC[0m
Started GET "/ideas" for 127.0.0.1 at 2018-01-11 13:46:29 +0200
  [1m[35m (0.1ms)[0m  [1m[34mSELECT "schema_migrations"."version" FROM "schema_migrations" ORDER BY "schema_migrations"."version" ASC[0m
Processing by IdeasController#index as HTML
  Rendering ideas/index.html.erb within layouts/application
  [1m[36mIdea Load (0.2ms)[0m  [1m[34mSELECT "ideas".* FROM "ideas"[0m
  Rendered ideas/index.html.erb within layouts/application (2.8ms)
Completed 200 OK in 317ms (Views: 305.7ms | ActiveRecord: 0.4ms)


Started GET "/ideas/new" for 127.0.0.1 at 2018-01-11 13:46:51 +0200
Processing by IdeasController#new as HTML
  Rendering ideas/new.html.erb within layouts/application
  Rendered ideas/_form.html.erb (12.1ms)
  Rendered ideas/new.html.erb within layouts/application (15.1ms)
Completed 200 OK in 45ms (Views: 34.2ms | ActiveRecord: 0.6ms)


Started GET "/ideas" for 127.0.0.1 at 2018-01-11 13:46:52 +0200
Processing by IdeasController#index as HTML
  Rendering ideas/index.html.erb within layouts/application
  [1m[36mIdea Load (0.1ms)[0m  [1m[34mSELECT "ideas".* FROM "ideas"[0m
  Rendered ideas/index.html.erb within layouts/application (1.5ms)
Completed 200 OK in 23ms (Views: 19.9ms | ActiveRecord: 0.1ms)


Started GET "/" for 127.0.0.1 at 2018-01-11 14:36:05 +0200
  [1m[35m (0.3ms)[0m  [1m[34mSELECT "schema_migrations"."version" FROM "schema_migrations" ORDER BY "schema_migrations"."version" ASC[0m
Processing by Rails::WelcomeController#index as HTML
  Rendering /Users/mac/.rbenv/versions/2.5.0/lib/ruby/gems/2.5.0/gems/railties-5.1.4/lib/rails/templates/rails/welcome/index.html.erb
  Rendered /Users/mac/.rbenv/versions/2.5.0/lib/ruby/gems/2.5.0/gems/railties-5.1.4/lib/rails/templates/rails/welcome/index.html.erb (3.4ms)
Completed 200 OK in 24ms (Views: 11.4ms | ActiveRecord: 0.0ms)


Started GET "/ideas" for 127.0.0.1 at 2018-01-11 14:36:10 +0200
Processing by IdeasController#index as HTML
  Rendering ideas/index.html.erb within layouts/application
  [1m[36mIdea Load (0.4ms)[0m  [1m[34mSELECT "ideas".* FROM "ideas"[0m
  Rendered ideas/index.html.erb within layouts/application (4.8ms)
Completed 200 OK in 210ms (Views: 203.5ms | ActiveRecord: 1.0ms)


Started GET "/ideas" for 127.0.0.1 at 2018-01-11 14:38:54 +0200
Processing by IdeasController#index as HTML
  Rendering ideas/index.html.erb within layouts/application
  [1m[36mIdea Load (0.1ms)[0m  [1m[34mSELECT "ideas".* FROM "ideas"[0m
  Rendered ideas/index.html.erb within layouts/application (1.2ms)
Completed 200 OK in 20ms (Views: 17.5ms | ActiveRecord: 0.1ms)


Started GET "/ideas" for 127.0.0.1 at 2018-01-11 14:45:57 +0200
Processing by IdeasController#index as HTML
  Rendering ideas/index.html.erb within layouts/application
  [1m[36mIdea Load (0.4ms)[0m  [1m[34mSELECT "ideas".* FROM "ideas"[0m
  Rendered ideas/index.html.erb within layouts/application (1.4ms)
Completed 200 OK in 23ms (Views: 20.0ms | ActiveRecord: 0.4ms)


Started GET "/ideas/new" for 127.0.0.1 at 2018-01-11 14:46:00 +0200
Processing by IdeasController#new as HTML
  Rendering ideas/new.html.erb within layouts/application
  Rendered ideas/_form.html.erb (14.1ms)
  Rendered ideas/new.html.erb within layouts/application (17.3ms)
Completed 200 OK in 44ms (Views: 33.8ms | ActiveRecord: 0.3ms)


Started GET "/ideas" for 127.0.0.1 at 2018-01-11 14:46:02 +0200
Processing by IdeasController#index as HTML
  Rendering ideas/index.html.erb within layouts/application
  [1m[36mIdea Load (0.1ms)[0m  [1m[34mSELECT "ideas".* FROM "ideas"[0m
  Rendered ideas/index.html.erb within layouts/application (1.2ms)
Completed 200 OK in 24ms (Views: 20.4ms | ActiveRecord: 0.1ms)


Started GET "/ideas/new" for 127.0.0.1 at 2018-01-11 14:46:03 +0200
Processing by IdeasController#new as HTML
  Rendering ideas/new.html.erb within layouts/application
  Rendered ideas/_form.html.erb (2.2ms)
  Rendered ideas/new.html.erb within layouts/application (4.6ms)
Completed 200 OK in 45ms (Views: 42.5ms | ActiveRecord: 0.0ms)


Started GET "/ideas" for 127.0.0.1 at 2018-01-11 14:46:03 +0200
Processing by IdeasController#index as HTML
  Rendering ideas/index.html.erb within layouts/application
  [1m[36mIdea Load (0.2ms)[0m  [1m[34mSELECT "ideas".* FROM "ideas"[0m
  Rendered ideas/index.html.erb within layouts/application (1.3ms)
Completed 200 OK in 25ms (Views: 21.4ms | ActiveRecord: 0.2ms)


Started GET "/ideas/new" for 127.0.0.1 at 2018-01-11 14:47:30 +0200
Processing by IdeasController#new as HTML
  Rendering ideas/new.html.erb within layouts/application
  Rendered ideas/_form.html.erb (2.3ms)
  Rendered ideas/new.html.erb within layouts/application (4.4ms)
Completed 200 OK in 29ms (Views: 24.3ms | ActiveRecord: 0.0ms)


Started POST "/ideas" for 127.0.0.1 at 2018-01-11 14:47:47 +0200
Processing by IdeasController#create as HTML
  Parameters: {"utf8"=>"✓", "authenticity_token"=>"fU08YVfaRqJAREHHwNMpTJK7pLgO7Ke70BtyBU6S+xKXimJUnjOGx24GvKNUk/gZ2IhyBFH6N4LL4obdBTpt+A==", "idea"=>{"name"=>"best idea ever", "description"=>"this is the best idea ever", "picture"=>"ass.jpg"}, "commit"=>"Create Idea"}
  [1m[35m (0.1ms)[0m  [1m[36mbegin transaction[0m
  [1m[35mSQL (1.4ms)[0m  [1m[32mINSERT INTO "ideas" ("name", "description", "picture", "created_at", "updated_at") VALUES (?, ?, ?, ?, ?)[0m  [["name", "best idea ever"], ["description", "this is the best idea ever"], ["picture", "ass.jpg"], ["created_at", "2018-01-11 12:47:47.453955"], ["updated_at", "2018-01-11 12:47:47.453955"]]
  [1m[35m (0.7ms)[0m  [1m[36mcommit transaction[0m
Redirected to http://localhost:3000/ideas/1
Completed 302 Found in 6ms (ActiveRecord: 2.2ms)


Started GET "/ideas/1" for 127.0.0.1 at 2018-01-11 14:47:47 +0200
Processing by IdeasController#show as HTML
  Parameters: {"id"=>"1"}
  [1m[36mIdea Load (0.2ms)[0m  [1m[34mSELECT  "ideas".* FROM "ideas" WHERE "ideas"."id" = ? LIMIT ?[0m  [["id", 1], ["LIMIT", 1]]
  Rendering ideas/show.html.erb within layouts/application
  Rendered ideas/show.html.erb within layouts/application (0.7ms)
Completed 200 OK in 25ms (Views: 19.4ms | ActiveRecord: 0.2ms)


Started GET "/ideas/1/edit" for 127.0.0.1 at 2018-01-11 14:47:52 +0200
Processing by IdeasController#edit as HTML
  Parameters: {"id"=>"1"}
  [1m[36mIdea Load (0.2ms)[0m  [1m[34mSELECT  "ideas".* FROM "ideas" WHERE "ideas"."id" = ? LIMIT ?[0m  [["id", 1], ["LIMIT", 1]]
  Rendering ideas/edit.html.erb within layouts/application
  Rendered ideas/_form.html.erb (3.3ms)
  Rendered ideas/edit.html.erb within layouts/application (6.1ms)
Completed 200 OK in 39ms (Views: 32.7ms | ActiveRecord: 0.2ms)


Started GET "/ideas" for 127.0.0.1 at 2018-01-11 14:47:53 +0200
Processing by IdeasController#index as HTML
  Rendering ideas/index.html.erb within layouts/application
  [1m[36mIdea Load (0.2ms)[0m  [1m[34mSELECT "ideas".* FROM "ideas"[0m
  Rendered ideas/index.html.erb within layouts/application (2.0ms)
Completed 200 OK in 30ms (Views: 26.3ms | ActiveRecord: 0.2ms)


Started GET "/ideas/new" for 127.0.0.1 at 2018-01-11 14:47:54 +0200
Processing by IdeasController#new as HTML
  Rendering ideas/new.html.erb within layouts/application
  Rendered ideas/_form.html.erb (3.8ms)
  Rendered ideas/new.html.erb within layouts/application (7.1ms)
Completed 200 OK in 32ms (Views: 28.8ms | ActiveRecord: 0.0ms)


Started GET "/ideas" for 127.0.0.1 at 2018-01-11 14:47:55 +0200
Processing by IdeasController#index as HTML
  Rendering ideas/index.html.erb within layouts/application
  [1m[36mIdea Load (0.1ms)[0m  [1m[34mSELECT "ideas".* FROM "ideas"[0m
  Rendered ideas/index.html.erb within layouts/application (2.0ms)
Completed 200 OK in 31ms (Views: 26.5ms | ActiveRecord: 0.1ms)


Started GET "/ideas/1" for 127.0.0.1 at 2018-01-11 14:47:59 +0200
Processing by IdeasController#show as HTML
  Parameters: {"id"=>"1"}
  [1m[36mIdea Load (0.1ms)[0m  [1m[34mSELECT  "ideas".* FROM "ideas" WHERE "ideas"."id" = ? LIMIT ?[0m  [["id", 1], ["LIMIT", 1]]
  Rendering ideas/show.html.erb within layouts/application
  Rendered ideas/show.html.erb within layouts/application (0.7ms)
Completed 200 OK in 34ms (Views: 28.9ms | ActiveRecord: 0.1ms)


Started GET "/ideas" for 127.0.0.1 at 2018-01-11 14:48:04 +0200
Processing by IdeasController#index as HTML
  Rendering ideas/index.html.erb within layouts/application
  [1m[36mIdea Load (0.1ms)[0m  [1m[34mSELECT "ideas".* FROM "ideas"[0m
  Rendered ideas/index.html.erb within layouts/application (1.5ms)
Completed 200 OK in 36ms (Views: 32.7ms | ActiveRecord: 0.1ms)


Started GET "/ideas/1" for 127.0.0.1 at 2018-01-11 14:48:06 +0200
Processing by IdeasController#show as HTML
  Parameters: {"id"=>"1"}
  [1m[36mIdea Load (0.1ms)[0m  [1m[34mSELECT  "ideas".* FROM "ideas" WHERE "ideas"."id" = ? LIMIT ?[0m  [["id", 1], ["LIMIT", 1]]
  Rendering ideas/show.html.erb within layouts/application
  Rendered ideas/show.html.erb within layouts/application (0.6ms)
Completed 200 OK in 24ms (Views: 20.2ms | ActiveRecord: 0.1ms)


Started GET "/ideas" for 127.0.0.1 at 2018-01-11 14:48:07 +0200
Processing by IdeasController#index as HTML
  Rendering ideas/index.html.erb within layouts/application
  [1m[36mIdea Load (0.1ms)[0m  [1m[34mSELECT "ideas".* FROM "ideas"[0m
  Rendered ideas/index.html.erb within layouts/application (1.5ms)
Completed 200 OK in 24ms (Views: 21.1ms | ActiveRecord: 0.1ms)


Started GET "/ideas/1/edit" for 127.0.0.1 at 2018-01-11 14:48:08 +0200
Processing by IdeasController#edit as HTML
  Parameters: {"id"=>"1"}
  [1m[36mIdea Load (0.1ms)[0m  [1m[34mSELECT  "ideas".* FROM "ideas" WHERE "ideas"."id" = ? LIMIT ?[0m  [["id", 1], ["LIMIT", 1]]
  Rendering ideas/edit.html.erb within layouts/application
  Rendered ideas/_form.html.erb (2.9ms)
  Rendered ideas/edit.html.erb within layouts/application (5.8ms)
Completed 200 OK in 29ms (Views: 25.0ms | ActiveRecord: 0.1ms)


Started PATCH "/ideas/1" for 127.0.0.1 at 2018-01-11 14:48:09 +0200
Processing by IdeasController#update as HTML
  Parameters: {"utf8"=>"✓", "authenticity_token"=>"5oYFKGOzqcs+kY7e9eE/I+St08rGBRQiYUc7W3NPw8VAbPlCa/mrw4wxomZhKMuYb4WmTd3vTj7QZqp+55he/g==", "idea"=>{"name"=>"best idea ever", "description"=>"this is the best idea ever", "picture"=>"ass.jpg"}, "commit"=>"Update Idea", "id"=>"1"}
  [1m[36mIdea Load (0.1ms)[0m  [1m[34mSELECT  "ideas".* FROM "ideas" WHERE "ideas"."id" = ? LIMIT ?[0m  [["id", 1], ["LIMIT", 1]]
  [1m[35m (0.0ms)[0m  [1m[36mbegin transaction[0m
  [1m[35m (0.0ms)[0m  [1m[36mcommit transaction[0m
Redirected to http://localhost:3000/ideas/1
Completed 302 Found in 2ms (ActiveRecord: 0.2ms)


Started GET "/ideas/1" for 127.0.0.1 at 2018-01-11 14:48:09 +0200
Processing by IdeasController#show as HTML
  Parameters: {"id"=>"1"}
  [1m[36mIdea Load (0.1ms)[0m  [1m[34mSELECT  "ideas".* FROM "ideas" WHERE "ideas"."id" = ? LIMIT ?[0m  [["id", 1], ["LIMIT", 1]]
  Rendering ideas/show.html.erb within layouts/application
  Rendered ideas/show.html.erb within layouts/application (0.6ms)
Completed 200 OK in 17ms (Views: 15.0ms | ActiveRecord: 0.1ms)


Started GET "/ideas" for 127.0.0.1 at 2018-01-11 14:48:12 +0200
Processing by IdeasController#index as HTML
  Rendering ideas/index.html.erb within layouts/application
  [1m[36mIdea Load (0.2ms)[0m  [1m[34mSELECT "ideas".* FROM "ideas"[0m
  Rendered ideas/index.html.erb within layouts/application (1.9ms)
Completed 200 OK in 24ms (Views: 20.7ms | ActiveRecord: 0.2ms)


Started GET "/ideas/1" for 127.0.0.1 at 2018-01-11 14:48:14 +0200
Processing by IdeasController#show as HTML
  Parameters: {"id"=>"1"}
  [1m[36mIdea Load (0.3ms)[0m  [1m[34mSELECT  "ideas".* FROM "ideas" WHERE "ideas"."id" = ? LIMIT ?[0m  [["id", 1], ["LIMIT", 1]]
  Rendering ideas/show.html.erb within layouts/application
  Rendered ideas/show.html.erb within layouts/application (0.8ms)
Completed 200 OK in 25ms (Views: 20.4ms | ActiveRecord: 0.3ms)


Started GET "/ideas" for 127.0.0.1 at 2018-01-11 14:48:15 +0200
Processing by IdeasController#index as HTML
  Rendering ideas/index.html.erb within layouts/application
  [1m[36mIdea Load (0.1ms)[0m  [1m[34mSELECT "ideas".* FROM "ideas"[0m
  Rendered ideas/index.html.erb within layouts/application (1.6ms)
Completed 200 OK in 30ms (Views: 27.6ms | ActiveRecord: 0.1ms)


Started GET "/ideas" for 127.0.0.1 at 2018-01-11 14:48:52 +0200
Processing by IdeasController#index as HTML
  Rendering ideas/index.html.erb within layouts/application
  [1m[36mIdea Load (0.1ms)[0m  [1m[34mSELECT "ideas".* FROM "ideas"[0m
  Rendered ideas/index.html.erb within layouts/application (1.4ms)
Completed 200 OK in 17ms (Views: 14.9ms | ActiveRecord: 0.1ms)


Started GET "/ideas/1" for 127.0.0.1 at 2018-01-11 14:48:59 +0200
Processing by IdeasController#show as HTML
  Parameters: {"id"=>"1"}
  [1m[36mIdea Load (0.1ms)[0m  [1m[34mSELECT  "ideas".* FROM "ideas" WHERE "ideas"."id" = ? LIMIT ?[0m  [["id", 1], ["LIMIT", 1]]
  Rendering ideas/show.html.erb within layouts/application
  Rendered ideas/show.html.erb within layouts/application (0.7ms)
Completed 200 OK in 25ms (Views: 21.2ms | ActiveRecord: 0.1ms)


Started GET "/ideas/1" for 127.0.0.1 at 2018-01-11 14:49:56 +0200
Processing by IdeasController#show as HTML
  Parameters: {"id"=>"1"}
  [1m[36mIdea Load (0.1ms)[0m  [1m[34mSELECT  "ideas".* FROM "ideas" WHERE "ideas"."id" = ? LIMIT ?[0m  [["id", 1], ["LIMIT", 1]]
  Rendering ideas/show.html.erb within layouts/application
  Rendered ideas/show.html.erb within layouts/application (0.7ms)
Completed 200 OK in 25ms (Views: 20.9ms | ActiveRecord: 0.1ms)


Started GET "/" for 127.0.0.1 at 2018-01-11 14:49:58 +0200
Processing by Rails::WelcomeController#index as HTML
  Rendering /Users/mac/.rbenv/versions/2.5.0/lib/ruby/gems/2.5.0/gems/railties-5.1.4/lib/rails/templates/rails/welcome/index.html.erb
  Rendered /Users/mac/.rbenv/versions/2.5.0/lib/ruby/gems/2.5.0/gems/railties-5.1.4/lib/rails/templates/rails/welcome/index.html.erb (2.4ms)
Completed 200 OK in 10ms (Views: 5.8ms | ActiveRecord: 0.0ms)


Started GET "/" for 127.0.0.1 at 2018-01-11 14:49:58 +0200
Processing by Rails::WelcomeController#index as HTML
  Rendering /Users/mac/.rbenv/versions/2.5.0/lib/ruby/gems/2.5.0/gems/railties-5.1.4/lib/rails/templates/rails/welcome/index.html.erb
  Rendered /Users/mac/.rbenv/versions/2.5.0/lib/ruby/gems/2.5.0/gems/railties-5.1.4/lib/rails/templates/rails/welcome/index.html.erb (2.1ms)
Completed 200 OK in 8ms (Views: 4.9ms | ActiveRecord: 0.0ms)


Started GET "/ideas" for 127.0.0.1 at 2018-01-11 14:50:06 +0200
Processing by IdeasController#index as HTML
  Rendering ideas/index.html.erb within layouts/application
  [1m[36mIdea Load (0.1ms)[0m  [1m[34mSELECT "ideas".* FROM "ideas"[0m
  Rendered ideas/index.html.erb within layouts/application (1.4ms)
Completed 200 OK in 18ms (Views: 16.1ms | ActiveRecord: 0.1ms)


Started GET "/ideas/1" for 127.0.0.1 at 2018-01-11 14:50:16 +0200
Processing by IdeasController#show as HTML
  Parameters: {"id"=>"1"}
  [1m[36mIdea Load (0.1ms)[0m  [1m[34mSELECT  "ideas".* FROM "ideas" WHERE "ideas"."id" = ? LIMIT ?[0m  [["id", 1], ["LIMIT", 1]]
  Rendering ideas/show.html.erb within layouts/application
  Rendered ideas/show.html.erb within layouts/application (0.6ms)
Completed 200 OK in 22ms (Views: 19.0ms | ActiveRecord: 0.1ms)


Started GET "/ideas" for 127.0.0.1 at 2018-01-11 14:50:48 +0200
Processing by IdeasController#index as HTML
  Rendering ideas/index.html.erb within layouts/application
  [1m[36mIdea Load (0.2ms)[0m  [1m[34mSELECT "ideas".* FROM "ideas"[0m
  Rendered ideas/index.html.erb within layouts/application (1.9ms)
Completed 200 OK in 27ms (Views: 22.9ms | ActiveRecord: 0.2ms)


Started GET "/ideas/1" for 127.0.0.1 at 2018-01-11 14:50:53 +0200
Processing by IdeasController#show as HTML
  Parameters: {"id"=>"1"}
  [1m[36mIdea Load (0.1ms)[0m  [1m[34mSELECT  "ideas".* FROM "ideas" WHERE "ideas"."id" = ? LIMIT ?[0m  [["id", 1], ["LIMIT", 1]]
  Rendering ideas/show.html.erb within layouts/application
  Rendered ideas/show.html.erb within layouts/application (0.7ms)
Completed 200 OK in 23ms (Views: 18.9ms | ActiveRecord: 0.1ms)


Started GET "/ideas/1" for 127.0.0.1 at 2018-01-11 14:51:46 +0200
Processing by IdeasController#show as HTML
  Parameters: {"id"=>"1"}
  [1m[36mIdea Load (0.1ms)[0m  [1m[34mSELECT  "ideas".* FROM "ideas" WHERE "ideas"."id" = ? LIMIT ?[0m  [["id", 1], ["LIMIT", 1]]
  Rendering ideas/show.html.erb within layouts/application
  Rendered ideas/show.html.erb within layouts/application (0.7ms)
Completed 200 OK in 19ms (Views: 16.2ms | ActiveRecord: 0.1ms)


Started GET "/ideas/1" for 127.0.0.1 at 2018-01-11 14:52:01 +0200
Processing by IdeasController#show as HTML
  Parameters: {"id"=>"1"}
  [1m[36mIdea Load (0.1ms)[0m  [1m[34mSELECT  "ideas".* FROM "ideas" WHERE "ideas"."id" = ? LIMIT ?[0m  [["id", 1], ["LIMIT", 1]]
  Rendering ideas/show.html.erb within layouts/application
  Rendered ideas/show.html.erb within layouts/application (0.8ms)
Completed 200 OK in 23ms (Views: 20.4ms | ActiveRecord: 0.1ms)


Started GET "/ideas/1" for 127.0.0.1 at 2018-01-11 14:52:57 +0200
Processing by IdeasController#show as HTML
  Parameters: {"id"=>"1"}
  [1m[36mIdea Load (0.1ms)[0m  [1m[34mSELECT  "ideas".* FROM "ideas" WHERE "ideas"."id" = ? LIMIT ?[0m  [["id", 1], ["LIMIT", 1]]
  Rendering ideas/show.html.erb within layouts/application
  Rendered ideas/show.html.erb within layouts/application (0.7ms)
Completed 200 OK in 31ms (Views: 28.3ms | ActiveRecord: 0.1ms)


Started GET "/ideas/1" for 127.0.0.1 at 2018-01-11 14:53:01 +0200
Processing by IdeasController#show as HTML
  Parameters: {"id"=>"1"}
  [1m[36mIdea Load (0.1ms)[0m  [1m[34mSELECT  "ideas".* FROM "ideas" WHERE "ideas"."id" = ? LIMIT ?[0m  [["id", 1], ["LIMIT", 1]]
  Rendering ideas/show.html.erb within layouts/application
  Rendered ideas/show.html.erb within layouts/application (0.8ms)
Completed 200 OK in 18ms (Views: 15.5ms | ActiveRecord: 0.1ms)


Started GET "/ideas" for 127.0.0.1 at 2018-01-11 14:53:04 +0200
Processing by IdeasController#index as HTML
  Rendering ideas/index.html.erb within layouts/application
  [1m[36mIdea Load (0.1ms)[0m  [1m[34mSELECT "ideas".* FROM "ideas"[0m
  Rendered ideas/index.html.erb within layouts/application (1.5ms)
Completed 200 OK in 23ms (Views: 20.6ms | ActiveRecord: 0.1ms)


Started GET "/ideas" for 127.0.0.1 at 2018-01-11 14:53:05 +0200
Processing by IdeasController#index as HTML
  Rendering ideas/index.html.erb within layouts/application
  [1m[36mIdea Load (0.1ms)[0m  [1m[34mSELECT "ideas".* FROM "ideas"[0m
  Rendered ideas/index.html.erb within layouts/application (1.3ms)
Completed 200 OK in 20ms (Views: 17.4ms | ActiveRecord: 0.1ms)


Started GET "/ideas" for 127.0.0.1 at 2018-01-11 14:53:16 +0200
Processing by IdeasController#index as HTML
  Rendering ideas/index.html.erb within layouts/application
  [1m[36mIdea Load (0.1ms)[0m  [1m[34mSELECT "ideas".* FROM "ideas"[0m
  Rendered ideas/index.html.erb within layouts/application (1.5ms)
Completed 200 OK in 18ms (Views: 15.6ms | ActiveRecord: 0.1ms)


Started GET "/ideas/1" for 127.0.0.1 at 2018-01-11 14:53:17 +0200
Processing by IdeasController#show as HTML
  Parameters: {"id"=>"1"}
  [1m[36mIdea Load (0.1ms)[0m  [1m[34mSELECT  "ideas".* FROM "ideas" WHERE "ideas"."id" = ? LIMIT ?[0m  [["id", 1], ["LIMIT", 1]]
  Rendering ideas/show.html.erb within layouts/application
  Rendered ideas/show.html.erb within layouts/application (0.9ms)
Completed 200 OK in 24ms (Views: 20.5ms | ActiveRecord: 0.1ms)


Started GET "/ideas/1" for 127.0.0.1 at 2018-01-11 14:53:21 +0200
Processing by IdeasController#show as HTML
  Parameters: {"id"=>"1"}
  [1m[36mIdea Load (0.1ms)[0m  [1m[34mSELECT  "ideas".* FROM "ideas" WHERE "ideas"."id" = ? LIMIT ?[0m  [["id", 1], ["LIMIT", 1]]
  Rendering ideas/show.html.erb within layouts/application
  Rendered ideas/show.html.erb within layouts/application (0.7ms)
Completed 200 OK in 19ms (Views: 16.5ms | ActiveRecord: 0.1ms)


Started GET "/ideas" for 127.0.0.1 at 2018-01-11 14:53:23 +0200
Processing by IdeasController#index as HTML
  Rendering ideas/index.html.erb within layouts/application
  [1m[36mIdea Load (0.2ms)[0m  [1m[34mSELECT "ideas".* FROM "ideas"[0m
  Rendered ideas/index.html.erb within layouts/application (1.6ms)
Completed 200 OK in 26ms (Views: 23.7ms | ActiveRecord: 0.2ms)


Started GET "/ideas/1" for 127.0.0.1 at 2018-01-11 14:53:26 +0200
Processing by IdeasController#show as HTML
  Parameters: {"id"=>"1"}
  [1m[36mIdea Load (0.1ms)[0m  [1m[34mSELECT  "ideas".* FROM "ideas" WHERE "ideas"."id" = ? LIMIT ?[0m  [["id", 1], ["LIMIT", 1]]
  Rendering ideas/show.html.erb within layouts/application
  Rendered ideas/show.html.erb within layouts/application (0.7ms)
Completed 200 OK in 25ms (Views: 21.0ms | ActiveRecord: 0.1ms)


Started GET "/ideas/1" for 127.0.0.1 at 2018-01-11 14:53:37 +0200
Processing by IdeasController#show as HTML
  Parameters: {"id"=>"1"}
  [1m[36mIdea Load (0.1ms)[0m  [1m[34mSELECT  "ideas".* FROM "ideas" WHERE "ideas"."id" = ? LIMIT ?[0m  [["id", 1], ["LIMIT", 1]]
  Rendering ideas/show.html.erb within layouts/application
  Rendered ideas/show.html.erb within layouts/application (0.6ms)
Completed 200 OK in 18ms (Views: 15.1ms | ActiveRecord: 0.1ms)


Started GET "/ideas" for 127.0.0.1 at 2018-01-11 14:53:40 +0200
Processing by IdeasController#index as HTML
  Rendering ideas/index.html.erb within layouts/application
  [1m[36mIdea Load (0.2ms)[0m  [1m[34mSELECT "ideas".* FROM "ideas"[0m
  Rendered ideas/index.html.erb within layouts/application (2.2ms)
Completed 200 OK in 23ms (Views: 19.9ms | ActiveRecord: 0.2ms)


Started GET "/ideas" for 127.0.0.1 at 2018-01-11 16:58:57 +0200
  [1m[35m (0.4ms)[0m  [1m[34mSELECT "schema_migrations"."version" FROM "schema_migrations" ORDER BY "schema_migrations"."version" ASC[0m
Processing by IdeasController#index as HTML
  Rendering ideas/index.html.erb within layouts/application
  [1m[36mIdea Load (0.2ms)[0m  [1m[34mSELECT "ideas".* FROM "ideas"[0m
  Rendered ideas/index.html.erb within layouts/application (9.4ms)
Completed 200 OK in 205ms (Views: 192.6ms | ActiveRecord: 0.6ms)


Started GET "/ideas/new" for 127.0.0.1 at 2018-01-11 16:59:00 +0200
Processing by IdeasController#new as HTML
  Rendering ideas/new.html.erb within layouts/application
  Rendered ideas/_form.html.erb (17.1ms)
  Rendered ideas/new.html.erb within layouts/application (20.1ms)
Completed 200 OK in 42ms (Views: 37.7ms | ActiveRecord: 0.0ms)


Started POST "/ideas" for 127.0.0.1 at 2018-01-11 16:59:01 +0200
Processing by IdeasController#create as HTML
  Parameters: {"utf8"=>"✓", "authenticity_token"=>"sjDRpX7JbLEvJMAk0Miy/IyQJ2wt4m5UXz0XwH/YXxpY94+QtyCs1AFmPUBEiGOpxqPx0HL0/m1ExOMYNHDJ8A==", "idea"=>{"name"=>"", "description"=>""}, "commit"=>"Create Idea"}
  [1m[35m (0.0ms)[0m  [1m[36mbegin transaction[0m
  [1m[35mSQL (0.7ms)[0m  [1m[32mINSERT INTO "ideas" ("name", "description", "created_at", "updated_at") VALUES (?, ?, ?, ?)[0m  [["name", ""], ["description", ""], ["created_at", "2018-01-11 14:59:01.752356"], ["updated_at", "2018-01-11 14:59:01.752356"]]
  [1m[35m (0.7ms)[0m  [1m[36mcommit transaction[0m
Redirected to http://localhost:3000/ideas/2
Completed 302 Found in 6ms (ActiveRecord: 1.6ms)


Started GET "/ideas/2" for 127.0.0.1 at 2018-01-11 16:59:01 +0200
Processing by IdeasController#show as HTML
  Parameters: {"id"=>"2"}
  [1m[36mIdea Load (0.2ms)[0m  [1m[34mSELECT  "ideas".* FROM "ideas" WHERE "ideas"."id" = ? LIMIT ?[0m  [["id", 2], ["LIMIT", 1]]
  Rendering ideas/show.html.erb within layouts/application
  Rendered ideas/show.html.erb within layouts/application (0.6ms)
Completed 200 OK in 20ms (Views: 15.4ms | ActiveRecord: 0.2ms)


Started GET "/ideas/2/edit" for 127.0.0.1 at 2018-01-11 16:59:05 +0200
Processing by IdeasController#edit as HTML
  Parameters: {"id"=>"2"}
  [1m[36mIdea Load (0.1ms)[0m  [1m[34mSELECT  "ideas".* FROM "ideas" WHERE "ideas"."id" = ? LIMIT ?[0m  [["id", 2], ["LIMIT", 1]]
  Rendering ideas/edit.html.erb within layouts/application
  Rendered ideas/_form.html.erb (2.7ms)
  Rendered ideas/edit.html.erb within layouts/application (5.7ms)
Completed 200 OK in 28ms (Views: 23.8ms | ActiveRecord: 0.1ms)


Started PATCH "/ideas/2" for 127.0.0.1 at 2018-01-11 16:59:09 +0200
Processing by IdeasController#update as HTML
  Parameters: {"utf8"=>"✓", "authenticity_token"=>"i2i/ZStufX0dgp5BoTzllJ2JoEPxl/embBZ7Y7lcP6NWgWwiDfsAiNxBBasg0ztI86vPU+pU+nI1N8v9gVCYQg==", "idea"=>{"name"=>"", "description"=>"", "picture"=>#<ActionDispatch::Http::UploadedFile:0x00007fbc66aa21c8 @tempfile=#<Tempfile:/var/folders/p3/bzcvmd595kg4lj40fkspz_pm0000gn/T/RackMultipart20180111-2973-29ux8m.gif>, @original_filename="fidget_spinner.gif", @content_type="image/gif", @headers="Content-Disposition: form-data; name=\"idea[picture]\"; filename=\"fidget_spinner.gif\"\r\nContent-Type: image/gif\r\n">}, "commit"=>"Update Idea", "id"=>"2"}
  [1m[36mIdea Load (0.2ms)[0m  [1m[34mSELECT  "ideas".* FROM "ideas" WHERE "ideas"."id" = ? LIMIT ?[0m  [["id", 2], ["LIMIT", 1]]
  [1m[35m (0.0ms)[0m  [1m[36mbegin transaction[0m
  [1m[35mSQL (0.7ms)[0m  [1m[33mUPDATE "ideas" SET "picture" = ?, "updated_at" = ? WHERE "ideas"."id" = ?[0m  [["picture", "fidget_spinner.gif"], ["updated_at", "2018-01-11 14:59:09.850514"], ["id", 2]]
  [1m[35m (0.7ms)[0m  [1m[36mcommit transaction[0m
Redirected to http://localhost:3000/ideas/2
Completed 302 Found in 11ms (ActiveRecord: 1.6ms)


Started GET "/ideas/2" for 127.0.0.1 at 2018-01-11 16:59:09 +0200
Processing by IdeasController#show as HTML
  Parameters: {"id"=>"2"}
  [1m[36mIdea Load (0.1ms)[0m  [1m[34mSELECT  "ideas".* FROM "ideas" WHERE "ideas"."id" = ? LIMIT ?[0m  [["id", 2], ["LIMIT", 1]]
  Rendering ideas/show.html.erb within layouts/application
  Rendered ideas/show.html.erb within layouts/application (0.7ms)
Completed 200 OK in 20ms (Views: 17.1ms | ActiveRecord: 0.1ms)


Started GET "/ideas" for 127.0.0.1 at 2018-01-11 16:59:11 +0200
Processing by IdeasController#index as HTML
  Rendering ideas/index.html.erb within layouts/application
  [1m[36mIdea Load (0.2ms)[0m  [1m[34mSELECT "ideas".* FROM "ideas"[0m
  Rendered ideas/index.html.erb within layouts/application (2.5ms)
Completed 200 OK in 40ms (Views: 36.3ms | ActiveRecord: 0.2ms)


Started GET "/ideas/1" for 127.0.0.1 at 2018-01-11 16:59:59 +0200
Processing by IdeasController#show as HTML
  Parameters: {"id"=>"1"}
  [1m[36mIdea Load (0.1ms)[0m  [1m[34mSELECT  "ideas".* FROM "ideas" WHERE "ideas"."id" = ? LIMIT ?[0m  [["id", 1], ["LIMIT", 1]]
  Rendering ideas/show.html.erb within layouts/application
  Rendered ideas/show.html.erb within layouts/application (1.1ms)
Completed 200 OK in 26ms (Views: 22.8ms | ActiveRecord: 0.1ms)


Started GET "/ideas" for 127.0.0.1 at 2018-01-11 17:00:00 +0200
Processing by IdeasController#index as HTML
  Rendering ideas/index.html.erb within layouts/application
  [1m[36mIdea Load (0.2ms)[0m  [1m[34mSELECT "ideas".* FROM "ideas"[0m
  Rendered ideas/index.html.erb within layouts/application (2.4ms)
Completed 200 OK in 29ms (Views: 24.9ms | ActiveRecord: 0.2ms)


Started GET "/ideas" for 127.0.0.1 at 2018-01-11 17:00:01 +0200
Processing by IdeasController#index as HTML
  Rendering ideas/index.html.erb within layouts/application
  [1m[36mIdea Load (0.2ms)[0m  [1m[34mSELECT "ideas".* FROM "ideas"[0m
  Rendered ideas/index.html.erb within layouts/application (1.9ms)
Completed 200 OK in 22ms (Views: 19.9ms | ActiveRecord: 0.2ms)


Started GET "/ideas" for 127.0.0.1 at 2018-01-11 17:00:05 +0200
Processing by IdeasController#index as HTML
  Rendering ideas/index.html.erb within layouts/application
  [1m[36mIdea Load (0.2ms)[0m  [1m[34mSELECT "ideas".* FROM "ideas"[0m
  Rendered ideas/index.html.erb within layouts/application (1.9ms)
Completed 200 OK in 22ms (Views: 18.3ms | ActiveRecord: 0.2ms)


Started GET "/ideas" for 127.0.0.1 at 2018-01-11 17:00:47 +0200
Processing by IdeasController#index as HTML
  Rendering ideas/index.html.erb within layouts/application
  [1m[36mIdea Load (0.2ms)[0m  [1m[34mSELECT "ideas".* FROM "ideas"[0m
  Rendered ideas/index.html.erb within layouts/application (2.0ms)
Completed 200 OK in 24ms (Views: 21.7ms | ActiveRecord: 0.2ms)


Started GET "/ideas/1" for 127.0.0.1 at 2018-01-11 17:01:05 +0200
Processing by IdeasController#show as HTML
  Parameters: {"id"=>"1"}
  [1m[36mIdea Load (0.5ms)[0m  [1m[34mSELECT  "ideas".* FROM "ideas" WHERE "ideas"."id" = ? LIMIT ?[0m  [["id", 1], ["LIMIT", 1]]
  Rendering ideas/show.html.erb within layouts/application
  Rendered ideas/show.html.erb within layouts/application (1.2ms)
Completed 200 OK in 34ms (Views: 29.9ms | ActiveRecord: 0.5ms)


Started GET "/ideas" for 127.0.0.1 at 2018-01-11 17:01:06 +0200
Processing by IdeasController#index as HTML
  Rendering ideas/index.html.erb within layouts/application
  [1m[36mIdea Load (0.1ms)[0m  [1m[34mSELECT "ideas".* FROM "ideas"[0m
  Rendered ideas/index.html.erb within layouts/application (2.4ms)
Completed 200 OK in 29ms (Views: 25.6ms | ActiveRecord: 0.1ms)


Started GET "/ideas/1" for 127.0.0.1 at 2018-01-11 17:01:07 +0200
Processing by IdeasController#show as HTML
  Parameters: {"id"=>"1"}
  [1m[36mIdea Load (0.1ms)[0m  [1m[34mSELECT  "ideas".* FROM "ideas" WHERE "ideas"."id" = ? LIMIT ?[0m  [["id", 1], ["LIMIT", 1]]
  Rendering ideas/show.html.erb within layouts/application
  Rendered ideas/show.html.erb within layouts/application (1.1ms)
Completed 200 OK in 30ms (Views: 25.8ms | ActiveRecord: 0.1ms)


Started GET "/ideas" for 127.0.0.1 at 2018-01-11 17:01:08 +0200
Processing by IdeasController#index as HTML
  Rendering ideas/index.html.erb within layouts/application
  [1m[36mIdea Load (0.1ms)[0m  [1m[34mSELECT "ideas".* FROM "ideas"[0m
  Rendered ideas/index.html.erb within layouts/application (2.4ms)
Completed 200 OK in 32ms (Views: 28.3ms | ActiveRecord: 0.1ms)


Started GET "/ideas" for 127.0.0.1 at 2018-01-11 17:01:14 +0200
Processing by IdeasController#index as HTML
  Rendering ideas/index.html.erb within layouts/application
  [1m[36mIdea Load (0.2ms)[0m  [1m[34mSELECT "ideas".* FROM "ideas"[0m
  Rendered ideas/index.html.erb within layouts/application (1.8ms)
Completed 200 OK in 24ms (Views: 21.4ms | ActiveRecord: 0.2ms)


Started GET "/ideas/1" for 127.0.0.1 at 2018-01-11 17:01:17 +0200
Processing by IdeasController#show as HTML
  Parameters: {"id"=>"1"}
  [1m[36mIdea Load (0.1ms)[0m  [1m[34mSELECT  "ideas".* FROM "ideas" WHERE "ideas"."id" = ? LIMIT ?[0m  [["id", 1], ["LIMIT", 1]]
  Rendering ideas/show.html.erb within layouts/application
  Rendered ideas/show.html.erb within layouts/application (0.9ms)
Completed 200 OK in 20ms (Views: 17.2ms | ActiveRecord: 0.1ms)


Started GET "/ideas" for 127.0.0.1 at 2018-01-11 17:01:19 +0200
Processing by IdeasController#index as HTML
  Rendering ideas/index.html.erb within layouts/application
  [1m[36mIdea Load (0.2ms)[0m  [1m[34mSELECT "ideas".* FROM "ideas"[0m
  Rendered ideas/index.html.erb within layouts/application (2.0ms)
Completed 200 OK in 25ms (Views: 21.3ms | ActiveRecord: 0.2ms)


Started GET "/ideas" for 127.0.0.1 at 2018-01-11 17:02:00 +0200
Processing by IdeasController#index as HTML
  Rendering ideas/index.html.erb within layouts/application
  [1m[36mIdea Load (0.2ms)[0m  [1m[34mSELECT "ideas".* FROM "ideas"[0m
  Rendered ideas/index.html.erb within layouts/application (2.1ms)
Completed 200 OK in 20ms (Views: 17.7ms | ActiveRecord: 0.2ms)


Started GET "/ideas" for 127.0.0.1 at 2018-01-11 17:02:01 +0200
Processing by IdeasController#index as HTML
  Rendering ideas/index.html.erb within layouts/application
  [1m[36mIdea Load (0.2ms)[0m  [1m[34mSELECT "ideas".* FROM "ideas"[0m
  Rendered ideas/index.html.erb within layouts/application (1.8ms)
Completed 200 OK in 20ms (Views: 17.8ms | ActiveRecord: 0.2ms)


Started GET "/ideas/new" for 127.0.0.1 at 2018-01-11 17:02:31 +0200
Processing by IdeasController#new as HTML
  Rendering ideas/new.html.erb within layouts/application
  Rendered ideas/_form.html.erb (2.8ms)
  Rendered ideas/new.html.erb within layouts/application (5.8ms)
Completed 200 OK in 26ms (Views: 23.6ms | ActiveRecord: 0.0ms)


Started POST "/ideas" for 127.0.0.1 at 2018-01-11 17:02:37 +0200
Processing by IdeasController#create as HTML
  Parameters: {"utf8"=>"✓", "authenticity_token"=>"nAVirtC2NbnTpUhnq1N9rGTJ4uBFMWFXeEfQa0/eic92wjybGV/13P3ntQM/E6z5Lvo0XBon8W5jviSzBHYfJQ==", "idea"=>{"name"=>"fff", "description"=>"sss", "picture"=>#<ActionDispatch::Http::UploadedFile:0x00007fbc6698b398 @tempfile=#<Tempfile:/var/folders/p3/bzcvmd595kg4lj40fkspz_pm0000gn/T/RackMultipart20180111-2973-37066o.gif>, @original_filename="fidget_spinner.gif", @content_type="image/gif", @headers="Content-Disposition: form-data; name=\"idea[picture]\"; filename=\"fidget_spinner.gif\"\r\nContent-Type: image/gif\r\n">}, "commit"=>"Create Idea"}
  [1m[35m (0.1ms)[0m  [1m[36mbegin transaction[0m
  [1m[35mSQL (0.4ms)[0m  [1m[32mINSERT INTO "ideas" ("name", "description", "picture", "created_at", "updated_at") VALUES (?, ?, ?, ?, ?)[0m  [["name", "fff"], ["description", "sss"], ["picture", "fidget_spinner.gif"], ["created_at", "2018-01-11 15:02:37.837551"], ["updated_at", "2018-01-11 15:02:37.837551"]]
  [1m[35m (0.7ms)[0m  [1m[36mcommit transaction[0m
Redirected to http://localhost:3000/ideas/3
Completed 302 Found in 22ms (ActiveRecord: 1.2ms)


Started GET "/ideas/3" for 127.0.0.1 at 2018-01-11 17:02:37 +0200
Processing by IdeasController#show as HTML
  Parameters: {"id"=>"3"}
  [1m[36mIdea Load (0.1ms)[0m  [1m[34mSELECT  "ideas".* FROM "ideas" WHERE "ideas"."id" = ? LIMIT ?[0m  [["id", 3], ["LIMIT", 1]]
  Rendering ideas/show.html.erb within layouts/application
  Rendered ideas/show.html.erb within layouts/application (1.0ms)
Completed 200 OK in 21ms (Views: 17.6ms | ActiveRecord: 0.1ms)


Started GET "/ideas" for 127.0.0.1 at 2018-01-11 17:02:42 +0200
Processing by IdeasController#index as HTML
  Rendering ideas/index.html.erb within layouts/application
  [1m[36mIdea Load (0.2ms)[0m  [1m[34mSELECT "ideas".* FROM "ideas"[0m
  Rendered ideas/index.html.erb within layouts/application (3.6ms)
Completed 200 OK in 28ms (Views: 25.4ms | ActiveRecord: 0.2ms)


Started GET "/ideas/2" for 127.0.0.1 at 2018-01-11 17:02:45 +0200
Processing by IdeasController#show as HTML
  Parameters: {"id"=>"2"}
  [1m[36mIdea Load (0.1ms)[0m  [1m[34mSELECT  "ideas".* FROM "ideas" WHERE "ideas"."id" = ? LIMIT ?[0m  [["id", 2], ["LIMIT", 1]]
  Rendering ideas/show.html.erb within layouts/application
  Rendered ideas/show.html.erb within layouts/application (1.1ms)
Completed 200 OK in 27ms (Views: 22.9ms | ActiveRecord: 0.1ms)


Started GET "/ideas" for 127.0.0.1 at 2018-01-11 17:02:46 +0200
Processing by IdeasController#index as HTML
  Rendering ideas/index.html.erb within layouts/application
  [1m[36mIdea Load (0.2ms)[0m  [1m[34mSELECT "ideas".* FROM "ideas"[0m
  Rendered ideas/index.html.erb within layouts/application (2.7ms)
Completed 200 OK in 32ms (Views: 29.9ms | ActiveRecord: 0.2ms)


Started GET "/ideas/1" for 127.0.0.1 at 2018-01-11 17:02:47 +0200
Processing by IdeasController#show as HTML
  Parameters: {"id"=>"1"}
  [1m[36mIdea Load (0.1ms)[0m  [1m[34mSELECT  "ideas".* FROM "ideas" WHERE "ideas"."id" = ? LIMIT ?[0m  [["id", 1], ["LIMIT", 1]]
  Rendering ideas/show.html.erb within layouts/application
  Rendered ideas/show.html.erb within layouts/application (1.1ms)
Completed 200 OK in 25ms (Views: 22.6ms | ActiveRecord: 0.1ms)


Started GET "/ideas" for 127.0.0.1 at 2018-01-11 17:02:49 +0200
Processing by IdeasController#index as HTML
  Rendering ideas/index.html.erb within layouts/application
  [1m[36mIdea Load (0.2ms)[0m  [1m[34mSELECT "ideas".* FROM "ideas"[0m
  Rendered ideas/index.html.erb within layouts/application (2.7ms)
Completed 200 OK in 26ms (Views: 23.6ms | ActiveRecord: 0.2ms)


Started GET "/ideas/3" for 127.0.0.1 at 2018-01-11 17:02:50 +0200
Processing by IdeasController#show as HTML
  Parameters: {"id"=>"3"}
  [1m[36mIdea Load (0.2ms)[0m  [1m[34mSELECT  "ideas".* FROM "ideas" WHERE "ideas"."id" = ? LIMIT ?[0m  [["id", 3], ["LIMIT", 1]]
  Rendering ideas/show.html.erb within layouts/application
  Rendered ideas/show.html.erb within layouts/application (0.9ms)
Completed 200 OK in 26ms (Views: 22.0ms | ActiveRecord: 0.2ms)


Started GET "/ideas" for 127.0.0.1 at 2018-01-11 17:02:53 +0200
Processing by IdeasController#index as HTML
  Rendering ideas/index.html.erb within layouts/application
  [1m[36mIdea Load (0.2ms)[0m  [1m[34mSELECT "ideas".* FROM "ideas"[0m
  Rendered ideas/index.html.erb within layouts/application (2.7ms)
Completed 200 OK in 25ms (Views: 22.7ms | ActiveRecord: 0.2ms)


Started GET "/" for 127.0.0.1 at 2018-01-11 17:03:56 +0200
Started GET "/ideas" for 127.0.0.1 at 2018-01-11 17:03:56 +0200
Processing by IdeasController#index as HTML
  Rendering ideas/index.html.erb within layouts/application
  [1m[36mIdea Load (0.1ms)[0m  [1m[34mSELECT "ideas".* FROM "ideas"[0m
  Rendered ideas/index.html.erb within layouts/application (7.6ms)
Completed 200 OK in 30ms (Views: 24.6ms | ActiveRecord: 0.9ms)


  [1m[35m (0.4ms)[0m  [1m[34mSELECT "schema_migrations"."version" FROM "schema_migrations" ORDER BY "schema_migrations"."version" ASC[0m
Migrating to CreateComments (20180112155411)
  [1m[35m (0.1ms)[0m  [1m[36mbegin transaction[0m
  [1m[35m (0.2ms)[0m  [1m[34mSELECT sqlite_version(*)[0m
  [1m[35m (0.4ms)[0m  [1m[35mCREATE TABLE "comments" ("id" INTEGER PRIMARY KEY AUTOINCREMENT NOT NULL, "user_name" varchar, "body" text, "idea_id" integer, "created_at" datetime NOT NULL, "updated_at" datetime NOT NULL)[0m
  [1m[35mSQL (0.4ms)[0m  [1m[32mINSERT INTO "schema_migrations" ("version") VALUES (?)[0m  [["version", "20180112155411"]]
  [1m[35m (1.3ms)[0m  [1m[36mcommit transaction[0m
  [1m[36mActiveRecord::InternalMetadata Load (0.5ms)[0m  [1m[34mSELECT  "ar_internal_metadata".* FROM "ar_internal_metadata" WHERE "ar_internal_metadata"."key" = ? LIMIT ?[0m  [["key", "environment"], ["LIMIT", 1]]
  [1m[35m (0.0ms)[0m  [1m[36mbegin transaction[0m
  [1m[35m (0.0ms)[0m  [1m[36mcommit transaction[0m
  [1m[35m (0.1ms)[0m  [1m[34mSELECT "schema_migrations"."version" FROM "schema_migrations" ORDER BY "schema_migrations"."version" ASC[0m
Started GET "/" for 127.0.0.1 at 2018-01-12 18:07:53 +0200
  [1m[35m (0.1ms)[0m  [1m[34mSELECT "schema_migrations"."version" FROM "schema_migrations" ORDER BY "schema_migrations"."version" ASC[0m
Started GET "/ideas" for 127.0.0.1 at 2018-01-12 18:07:53 +0200
Processing by IdeasController#index as HTML
  Rendering ideas/index.html.erb within layouts/application
  [1m[36mIdea Load (0.3ms)[0m  [1m[34mSELECT "ideas".* FROM "ideas"[0m
  Rendered ideas/index.html.erb within layouts/application (9.9ms)
Completed 200 OK in 243ms (Views: 228.4ms | ActiveRecord: 0.8ms)


Started GET "/ideas/3" for 127.0.0.1 at 2018-01-12 18:07:59 +0200
Processing by IdeasController#show as HTML
  Parameters: {"id"=>"3"}
  [1m[36mIdea Load (0.2ms)[0m  [1m[34mSELECT  "ideas".* FROM "ideas" WHERE "ideas"."id" = ? LIMIT ?[0m  [["id", 3], ["LIMIT", 1]]
Completed 500 Internal Server Error in 12ms (ActiveRecord: 0.2ms)


  
NoMethodError (undefined method `comments' for #<Idea:0x00007f8d5516afc8>
Did you mean?  committed!):
  
app/controllers/ideas_controller.rb:13:in `show'
  [1m[35m (0.2ms)[0m  [1m[34mSELECT "schema_migrations"."version" FROM "schema_migrations" ORDER BY "schema_migrations"."version" ASC[0m
  [1m[36mActiveRecord::InternalMetadata Load (0.2ms)[0m  [1m[34mSELECT  "ar_internal_metadata".* FROM "ar_internal_metadata" WHERE "ar_internal_metadata"."key" = ? LIMIT ?[0m  [["key", "environment"], ["LIMIT", 1]]
  [1m[35m (0.0ms)[0m  [1m[36mbegin transaction[0m
  [1m[35m (0.0ms)[0m  [1m[36mcommit transaction[0m
  [1m[35m (0.1ms)[0m  [1m[34mSELECT "schema_migrations"."version" FROM "schema_migrations" ORDER BY "schema_migrations"."version" ASC[0m
Started GET "/ideas" for 127.0.0.1 at 2018-01-12 18:10:48 +0200
  [1m[35m (0.2ms)[0m  [1m[34mSELECT "schema_migrations"."version" FROM "schema_migrations" ORDER BY "schema_migrations"."version" ASC[0m
Processing by IdeasController#index as HTML
  Rendering ideas/index.html.erb within layouts/application
  [1m[36mIdea Load (0.2ms)[0m  [1m[34mSELECT "ideas".* FROM "ideas"[0m
  Rendered ideas/index.html.erb within layouts/application (8.6ms)
Completed 200 OK in 178ms (Views: 165.8ms | ActiveRecord: 0.5ms)


Started GET "/ideas/3" for 127.0.0.1 at 2018-01-12 18:10:50 +0200
Processing by IdeasController#show as HTML
  Parameters: {"id"=>"3"}
  [1m[36mIdea Load (0.2ms)[0m  [1m[34mSELECT  "ideas".* FROM "ideas" WHERE "ideas"."id" = ? LIMIT ?[0m  [["id", 3], ["LIMIT", 1]]
Completed 500 Internal Server Error in 10ms (ActiveRecord: 0.5ms)


  
NoMethodError (undefined method `comments' for #<Idea:0x00007fa7c71733f8>
Did you mean?  committed!):
  
app/controllers/ideas_controller.rb:13:in `show'
  [1m[35m (0.1ms)[0m  [1m[34mSELECT "schema_migrations"."version" FROM "schema_migrations" ORDER BY "schema_migrations"."version" ASC[0m
  [1m[36mActiveRecord::InternalMetadata Load (0.1ms)[0m  [1m[34mSELECT  "ar_internal_metadata".* FROM "ar_internal_metadata" WHERE "ar_internal_metadata"."key" = ? LIMIT ?[0m  [["key", "environment"], ["LIMIT", 1]]
  [1m[35m (0.0ms)[0m  [1m[36mbegin transaction[0m
  [1m[35m (0.0ms)[0m  [1m[36mcommit transaction[0m
  [1m[35m (0.1ms)[0m  [1m[34mSELECT "schema_migrations"."version" FROM "schema_migrations" ORDER BY "schema_migrations"."version" ASC[0m
Started GET "/ideas/3" for 127.0.0.1 at 2018-01-12 18:11:34 +0200
  [1m[35m (0.1ms)[0m  [1m[34mSELECT "schema_migrations"."version" FROM "schema_migrations" ORDER BY "schema_migrations"."version" ASC[0m
Processing by IdeasController#show as HTML
  Parameters: {"id"=>"3"}
  [1m[36mIdea Load (0.2ms)[0m  [1m[34mSELECT  "ideas".* FROM "ideas" WHERE "ideas"."id" = ? LIMIT ?[0m  [["id", 3], ["LIMIT", 1]]
  Rendering ideas/show.html.erb within layouts/application
  [1m[36mComment Load (0.2ms)[0m  [1m[34mSELECT "comments".* FROM "comments" WHERE "comments"."idea_id" = ?[0m  [["idea_id", 3]]
  Rendered comments/_form.html.erb (15.5ms)
  Rendered ideas/show.html.erb within layouts/application (20.1ms)
Completed 200 OK in 217ms (Views: 164.0ms | ActiveRecord: 1.6ms)


Started GET "/ideas" for 127.0.0.1 at 2018-01-12 18:11:43 +0200
Processing by IdeasController#index as HTML
  Rendering ideas/index.html.erb within layouts/application
  [1m[36mIdea Load (0.2ms)[0m  [1m[34mSELECT "ideas".* FROM "ideas"[0m
  Rendered ideas/index.html.erb within layouts/application (4.1ms)
Completed 200 OK in 42ms (Views: 37.9ms | ActiveRecord: 0.5ms)


Started GET "/ideas/new" for 127.0.0.1 at 2018-01-12 18:11:46 +0200
Processing by IdeasController#new as HTML
  Rendering ideas/new.html.erb within layouts/application
  Rendered ideas/_form.html.erb (3.1ms)
  Rendered ideas/new.html.erb within layouts/application (6.0ms)
Completed 200 OK in 28ms (Views: 23.0ms | ActiveRecord: 0.0ms)


Started GET "/ideas" for 127.0.0.1 at 2018-01-12 18:11:48 +0200
Processing by IdeasController#index as HTML
  Rendering ideas/index.html.erb within layouts/application
  [1m[36mIdea Load (0.2ms)[0m  [1m[34mSELECT "ideas".* FROM "ideas"[0m
  Rendered ideas/index.html.erb within layouts/application (2.3ms)
Completed 200 OK in 26ms (Views: 23.1ms | ActiveRecord: 0.2ms)


Started GET "/ideas/3/edit" for 127.0.0.1 at 2018-01-12 18:11:49 +0200
Processing by IdeasController#edit as HTML
  Parameters: {"id"=>"3"}
  [1m[36mIdea Load (0.1ms)[0m  [1m[34mSELECT  "ideas".* FROM "ideas" WHERE "ideas"."id" = ? LIMIT ?[0m  [["id", 3], ["LIMIT", 1]]
  Rendering ideas/edit.html.erb within layouts/application
  Rendered ideas/_form.html.erb (2.5ms)
  Rendered ideas/edit.html.erb within layouts/application (5.4ms)
Completed 200 OK in 27ms (Views: 22.4ms | ActiveRecord: 0.1ms)


Started GET "/ideas" for 127.0.0.1 at 2018-01-12 18:11:52 +0200
Processing by IdeasController#index as HTML
  Rendering ideas/index.html.erb within layouts/application
  [1m[36mIdea Load (0.2ms)[0m  [1m[34mSELECT "ideas".* FROM "ideas"[0m
  Rendered ideas/index.html.erb within layouts/application (2.7ms)
Completed 200 OK in 26ms (Views: 23.1ms | ActiveRecord: 0.2ms)


Started GET "/ideas/3" for 127.0.0.1 at 2018-01-12 18:11:53 +0200
Processing by IdeasController#show as HTML
  Parameters: {"id"=>"3"}
  [1m[36mIdea Load (0.1ms)[0m  [1m[34mSELECT  "ideas".* FROM "ideas" WHERE "ideas"."id" = ? LIMIT ?[0m  [["id", 3], ["LIMIT", 1]]
  Rendering ideas/show.html.erb within layouts/application
  [1m[36mComment Load (0.2ms)[0m  [1m[34mSELECT "comments".* FROM "comments" WHERE "comments"."idea_id" = ?[0m  [["idea_id", 3]]
  Rendered comments/_form.html.erb (2.1ms)
  Rendered ideas/show.html.erb within layouts/application (6.5ms)
Completed 200 OK in 29ms (Views: 24.0ms | ActiveRecord: 0.3ms)


Started POST "/comments" for 127.0.0.1 at 2018-01-12 18:12:02 +0200
Processing by CommentsController#create as HTML
  Parameters: {"utf8"=>"✓", "authenticity_token"=>"y+RuqkLNnvZ4LrRIwdrohEwx8N8GtRD5QNJI/E5i30OnSgSj4Anxuwcxxf6cGKFsnVZLAkNILTnNPou3iH1bcw==", "comment"=>{"user_name"=>"my name", "body"=>"haha best comment", "idea_id"=>"3"}, "commit"=>"Create Comment"}
  [1m[35m (0.0ms)[0m  [1m[36mbegin transaction[0m
  [1m[36mIdea Load (0.1ms)[0m  [1m[34mSELECT  "ideas".* FROM "ideas" WHERE "ideas"."id" = ? LIMIT ?[0m  [["id", 3], ["LIMIT", 1]]
  [1m[35mSQL (0.5ms)[0m  [1m[32mINSERT INTO "comments" ("user_name", "body", "idea_id", "created_at", "updated_at") VALUES (?, ?, ?, ?, ?)[0m  [["user_name", "my name"], ["body", "haha best comment"], ["idea_id", 3], ["created_at", "2018-01-12 16:12:02.652281"], ["updated_at", "2018-01-12 16:12:02.652281"]]
  [1m[35m (0.7ms)[0m  [1m[36mcommit transaction[0m
Redirected to http://localhost:3000/comments/1
Completed 302 Found in 5ms (ActiveRecord: 1.4ms)


Started GET "/comments/1" for 127.0.0.1 at 2018-01-12 18:12:02 +0200
Processing by CommentsController#show as HTML
  Parameters: {"id"=>"1"}
  [1m[36mComment Load (0.2ms)[0m  [1m[34mSELECT  "comments".* FROM "comments" WHERE "comments"."id" = ? LIMIT ?[0m  [["id", 1], ["LIMIT", 1]]
  Rendering comments/show.html.erb within layouts/application
  Rendered comments/show.html.erb within layouts/application (0.8ms)
Completed 200 OK in 22ms (Views: 19.1ms | ActiveRecord: 0.2ms)


Started GET "/comments" for 127.0.0.1 at 2018-01-12 18:12:09 +0200
Processing by CommentsController#index as HTML
  Rendering comments/index.html.erb within layouts/application
  [1m[36mComment Load (0.2ms)[0m  [1m[34mSELECT "comments".* FROM "comments"[0m
  Rendered comments/index.html.erb within layouts/application (1.5ms)
Completed 200 OK in 24ms (Views: 21.2ms | ActiveRecord: 0.2ms)


Started GET "/ideas" for 127.0.0.1 at 2018-01-12 18:12:16 +0200
Processing by IdeasController#index as HTML
  Rendering ideas/index.html.erb within layouts/application
  [1m[36mIdea Load (0.2ms)[0m  [1m[34mSELECT "ideas".* FROM "ideas"[0m
  Rendered ideas/index.html.erb within layouts/application (2.7ms)
Completed 200 OK in 25ms (Views: 22.0ms | ActiveRecord: 0.2ms)


Started GET "/ideas/3" for 127.0.0.1 at 2018-01-12 18:12:18 +0200
Processing by IdeasController#show as HTML
  Parameters: {"id"=>"3"}
  [1m[36mIdea Load (0.1ms)[0m  [1m[34mSELECT  "ideas".* FROM "ideas" WHERE "ideas"."id" = ? LIMIT ?[0m  [["id", 3], ["LIMIT", 1]]
  Rendering ideas/show.html.erb within layouts/application
  [1m[36mComment Load (0.2ms)[0m  [1m[34mSELECT "comments".* FROM "comments" WHERE "comments"."idea_id" = ?[0m  [["idea_id", 3]]
  Rendered comments/_form.html.erb (2.6ms)
  Rendered ideas/show.html.erb within layouts/application (7.3ms)
Completed 200 OK in 28ms (Views: 23.1ms | ActiveRecord: 0.3ms)


Started GET "/ideas" for 127.0.0.1 at 2018-01-14 18:30:48 +0200
  [1m[35m (0.3ms)[0m  [1m[34mSELECT "schema_migrations"."version" FROM "schema_migrations" ORDER BY "schema_migrations"."version" ASC[0m
Processing by IdeasController#index as HTML
  Rendering ideas/index.html.erb within layouts/application
  [1m[36mIdea Load (0.4ms)[0m  [1m[34mSELECT "ideas".* FROM "ideas"[0m
  Rendered ideas/index.html.erb within layouts/application (10.2ms)
Completed 200 OK in 204ms (Views: 188.1ms | ActiveRecord: 0.9ms)


Started GET "/ideas/3" for 127.0.0.1 at 2018-01-14 18:30:54 +0200
Processing by IdeasController#show as HTML
  Parameters: {"id"=>"3"}
  [1m[36mIdea Load (0.2ms)[0m  [1m[34mSELECT  "ideas".* FROM "ideas" WHERE "ideas"."id" = ? LIMIT ?[0m  [["id", 3], ["LIMIT", 1]]
  Rendering ideas/show.html.erb within layouts/application
  [1m[36mComment Load (0.5ms)[0m  [1m[34mSELECT "comments".* FROM "comments" WHERE "comments"."idea_id" = ?[0m  [["idea_id", 3]]
  Rendered comments/_form.html.erb (14.7ms)
  Rendered ideas/show.html.erb within layouts/application (19.5ms)
Completed 200 OK in 68ms (Views: 35.7ms | ActiveRecord: 1.2ms)


Started GET "/ideas" for 127.0.0.1 at 2018-01-14 19:49:11 +0200
  [1m[35m (0.1ms)[0m  [1m[34mSELECT "schema_migrations"."version" FROM "schema_migrations" ORDER BY "schema_migrations"."version" ASC[0m
Processing by IdeasController#index as HTML
  Rendering ideas/index.html.erb within layouts/application
  [1m[36mIdea Load (0.2ms)[0m  [1m[34mSELECT "ideas".* FROM "ideas"[0m
  Rendered ideas/index.html.erb within layouts/application (9.6ms)
Completed 200 OK in 194ms (Views: 180.4ms | ActiveRecord: 0.7ms)


